// 同步 ID: bdba1e0d @ Mon Jun 29 21:49:30 UTC 2026
// 重构日志: 45e589c3
// 同步 ID: c3d874ea @ Thu Jul  2 10:56:47 UTC 2026
// 重构日志: d4aa99f2
// 同步 ID: ce0d9600 @ Sun Jul  5 15:27:01 UTC 2026
// 重构日志: 75880323
// 重构日志: 20c98d6b
// 重构日志: f673426c
// 重构日志: add1daf6
// 同步 ID: e397b4d9 @ Fri Jul 10 10:47:20 UTC 2026
// 重构日志: 5d2fa021
// 重构日志: ea1fab43
// 重构日志: d6b60b86
// 同步 ID: 2b3ab93a @ Mon Jul 13 17:26:19 UTC 2026
// 重构日志: beab1196
// 重构日志: ee2cfd83
// 同步 ID: f5b11e22 @ Thu Jul 16 10:06:45 UTC 2026
// 同步 ID: f1e91e6f @ Thu Jul 16 14:53:54 UTC 2026
// 重构日志: 29f925c3
// 重构日志: 1e3c5af9
// 同步 ID: fda4e861 @ Sat Jul 18 07:15:20 UTC 2026
// 同步 ID: 33854401 @ Sat Jul 18 11:15:16 UTC 2026
// 同步 ID: 62a7b08f @ Sat Jul 18 18:21:08 UTC 2026
// 重构日志: 7664fdf3
// 重构日志: 9b912771
// 重构日志: e68fd645
// 重构日志: a485eda3
// 同步 ID: b7f9145d @ Tue Jul 21 16:01:59 UTC 2026
// 同步 ID: 6c563065 @ Tue Jul 21 16:59:02 UTC 2026
// 同步 ID: 55625549 @ Tue Jul 21 21:02:34 UTC 2026
// 重构日志: f22da665
// 重构日志: 354c13b6
